2023-07-25 09:43:23.573 DEBUG SCY-LP-005 - [nio-8080-exec-6] [o.s.w.s.DispatcherServlet          ] : GET "/api/users/allusers", parameters={}
2023-07-25 09:43:23.573 DEBUG SCY-LP-005 - [nio-8080-exec-6] [.m.m.a.RequestMappingHandlerMapping] : Mapped to com.scytalys.technikon.controller.UserController#getAllUsers()
2023-07-25 09:43:23.581 DEBUG SCY-LP-005 - [nio-8080-exec-6] [w.s.m.m.a.HttpEntityMethodProcessor] : Using 'application/json', given [*/*] and supported [application/json, application/*+json]
2023-07-25 09:43:23.581 DEBUG SCY-LP-005 - [nio-8080-exec-6] [w.s.m.m.a.HttpEntityMethodProcessor] : Writing [[UserDto(id=1, tinNumber=1111111, name=Kevin, lastname=Rosales, address=Zografou 23, phoneNumber=699 (truncated)...]
2023-07-25 09:43:23.583 DEBUG SCY-LP-005 - [nio-8080-exec-6] [o.s.w.s.DispatcherServlet          ] : Completed 202 ACCEPTED
2023-07-25 09:43:23.585 DEBUG SCY-LP-005 - [nio-8080-exec-7] [o.s.w.s.DispatcherServlet          ] : GET "/api/users/allusers", parameters={}
2023-07-25 09:43:23.585 DEBUG SCY-LP-005 - [nio-8080-exec-7] [.m.m.a.RequestMappingHandlerMapping] : Mapped to com.scytalys.technikon.controller.UserController#getAllUsers()
2023-07-25 09:43:23.590 DEBUG SCY-LP-005 - [nio-8080-exec-7] [w.s.m.m.a.HttpEntityMethodProcessor] : Using 'application/json', given [*/*] and supported [application/json, application/*+json]
2023-07-25 09:43:23.590 DEBUG SCY-LP-005 - [nio-8080-exec-7] [w.s.m.m.a.HttpEntityMethodProcessor] : Writing [[UserDto(id=1, tinNumber=1111111, name=Kevin, lastname=Rosales, address=Zografou 23, phoneNumber=699 (truncated)...]
2023-07-25 09:43:23.591 DEBUG SCY-LP-005 - [nio-8080-exec-7] [o.s.w.s.DispatcherServlet          ] : Completed 202 ACCEPTED
2023-07-25 09:43:24.549 DEBUG SCY-LP-005 - [nio-8080-exec-8] [o.s.w.s.DispatcherServlet          ] : GET "/api/users/allusers", parameters={}
2023-07-25 09:43:24.550 DEBUG SCY-LP-005 - [nio-8080-exec-8] [.m.m.a.RequestMappingHandlerMapping] : Mapped to com.scytalys.technikon.controller.UserController#getAllUsers()
2023-07-25 09:43:24.557 DEBUG SCY-LP-005 - [nio-8080-exec-8] [w.s.m.m.a.HttpEntityMethodProcessor] : Using 'application/json', given [*/*] and supported [application/json, application/*+json]
2023-07-25 09:43:24.557 DEBUG SCY-LP-005 - [nio-8080-exec-8] [w.s.m.m.a.HttpEntityMethodProcessor] : Writing [[UserDto(id=1, tinNumber=1111111, name=Kevin, lastname=Rosales, address=Zografou 23, phoneNumber=699 (truncated)...]
2023-07-25 09:43:24.558 DEBUG SCY-LP-005 - [nio-8080-exec-8] [o.s.w.s.DispatcherServlet          ] : Completed 202 ACCEPTED
2023-07-25 09:43:24.560 DEBUG SCY-LP-005 - [nio-8080-exec-9] [o.s.w.s.DispatcherServlet          ] : GET "/api/users/allusers", parameters={}
2023-07-25 09:43:24.560 DEBUG SCY-LP-005 - [nio-8080-exec-9] [.m.m.a.RequestMappingHandlerMapping] : Mapped to com.scytalys.technikon.controller.UserController#getAllUsers()
2023-07-25 09:43:24.568 DEBUG SCY-LP-005 - [nio-8080-exec-9] [w.s.m.m.a.HttpEntityMethodProcessor] : Using 'application/json', given [*/*] and supported [application/json, application/*+json]
2023-07-25 09:43:24.568 DEBUG SCY-LP-005 - [nio-8080-exec-9] [w.s.m.m.a.HttpEntityMethodProcessor] : Writing [[UserDto(id=1, tinNumber=1111111, name=Kevin, lastname=Rosales, address=Zografou 23, phoneNumber=699 (truncated)...]
2023-07-25 09:43:24.569 DEBUG SCY-LP-005 - [nio-8080-exec-9] [o.s.w.s.DispatcherServlet          ] : Completed 202 ACCEPTED
2023-07-25 09:43:25.655 DEBUG SCY-LP-005 - [io-8080-exec-10] [o.s.w.s.DispatcherServlet          ] : GET "/api/users/allusers", parameters={}
2023-07-25 09:43:25.656 DEBUG SCY-LP-005 - [io-8080-exec-10] [.m.m.a.RequestMappingHandlerMapping] : Mapped to com.scytalys.technikon.controller.UserController#getAllUsers()
2023-07-25 09:43:25.661 DEBUG SCY-LP-005 - [io-8080-exec-10] [w.s.m.m.a.HttpEntityMethodProcessor] : Using 'application/json', given [*/*] and supported [application/json, application/*+json]
2023-07-25 09:43:25.661 DEBUG SCY-LP-005 - [io-8080-exec-10] [w.s.m.m.a.HttpEntityMethodProcessor] : Writing [[UserDto(id=1, tinNumber=1111111, name=Kevin, lastname=Rosales, address=Zografou 23, phoneNumber=699 (truncated)...]
2023-07-25 09:43:25.662 DEBUG SCY-LP-005 - [io-8080-exec-10] [o.s.w.s.DispatcherServlet          ] : Completed 202 ACCEPTED
2023-07-25 09:43:25.664 DEBUG SCY-LP-005 - [nio-8080-exec-1] [o.s.w.s.DispatcherServlet          ] : GET "/api/users/allusers", parameters={}
2023-07-25 09:43:25.664 DEBUG SCY-LP-005 - [nio-8080-exec-1] [.m.m.a.RequestMappingHandlerMapping] : Mapped to com.scytalys.technikon.controller.UserController#getAllUsers()
2023-07-25 09:43:25.669 DEBUG SCY-LP-005 - [nio-8080-exec-1] [w.s.m.m.a.HttpEntityMethodProcessor] : Using 'application/json', given [*/*] and supported [application/json, application/*+json]
2023-07-25 09:43:25.669 DEBUG SCY-LP-005 - [nio-8080-exec-1] [w.s.m.m.a.HttpEntityMethodProcessor] : Writing [[UserDto(id=1, tinNumber=1111111, name=Kevin, lastname=Rosales, address=Zografou 23, phoneNumber=699 (truncated)...]
2023-07-25 09:43:25.669 DEBUG SCY-LP-005 - [nio-8080-exec-1] [o.s.w.s.DispatcherServlet          ] : Completed 202 ACCEPTED
2023-07-25 09:43:26.522 DEBUG SCY-LP-005 - [nio-8080-exec-2] [o.s.w.s.DispatcherServlet          ] : GET "/api/users/allusers", parameters={}
2023-07-25 09:43:26.522 DEBUG SCY-LP-005 - [nio-8080-exec-2] [.m.m.a.RequestMappingHandlerMapping] : Mapped to com.scytalys.technikon.controller.UserController#getAllUsers()
2023-07-25 09:43:26.525 DEBUG SCY-LP-005 - [nio-8080-exec-2] [w.s.m.m.a.HttpEntityMethodProcessor] : Using 'application/json', given [*/*] and supported [application/json, application/*+json]
2023-07-25 09:43:26.525 DEBUG SCY-LP-005 - [nio-8080-exec-2] [w.s.m.m.a.HttpEntityMethodProcessor] : Writing [[UserDto(id=1, tinNumber=1111111, name=Kevin, lastname=Rosales, address=Zografou 23, phoneNumber=699 (truncated)...]
2023-07-25 09:43:26.526 DEBUG SCY-LP-005 - [nio-8080-exec-2] [o.s.w.s.DispatcherServlet          ] : Completed 202 ACCEPTED
2023-07-25 09:43:26.527 DEBUG SCY-LP-005 - [nio-8080-exec-3] [o.s.w.s.DispatcherServlet          ] : GET "/api/users/allusers", parameters={}
2023-07-25 09:43:26.527 DEBUG SCY-LP-005 - [nio-8080-exec-3] [.m.m.a.RequestMappingHandlerMapping] : Mapped to com.scytalys.technikon.controller.UserController#getAllUsers()
2023-07-25 09:43:26.532 DEBUG SCY-LP-005 - [nio-8080-exec-3] [w.s.m.m.a.HttpEntityMethodProcessor] : Using 'application/json', given [*/*] and supported [application/json, application/*+json]
2023-07-25 09:43:26.532 DEBUG SCY-LP-005 - [nio-8080-exec-3] [w.s.m.m.a.HttpEntityMethodProcessor] : Writing [[UserDto(id=1, tinNumber=1111111, name=Kevin, lastname=Rosales, address=Zografou 23, phoneNumber=699 (truncated)...]
2023-07-25 09:43:26.533 DEBUG SCY-LP-005 - [nio-8080-exec-3] [o.s.w.s.DispatcherServlet          ] : Completed 202 ACCEPTED
2023-07-25 09:43:26.981 DEBUG SCY-LP-005 - [nio-8080-exec-4] [o.s.w.s.DispatcherServlet          ] : GET "/api/users/allusers", parameters={}
2023-07-25 09:43:26.981 DEBUG SCY-LP-005 - [nio-8080-exec-4] [.m.m.a.RequestMappingHandlerMapping] : Mapped to com.scytalys.technikon.controller.UserController#getAllUsers()
2023-07-25 09:43:26.984 DEBUG SCY-LP-005 - [nio-8080-exec-4] [w.s.m.m.a.HttpEntityMethodProcessor] : Using 'application/json', given [*/*] and supported [application/json, application/*+json]
2023-07-25 09:43:26.984 DEBUG SCY-LP-005 - [nio-8080-exec-4] [w.s.m.m.a.HttpEntityMethodProcessor] : Writing [[UserDto(id=1, tinNumber=1111111, name=Kevin, lastname=Rosales, address=Zografou 23, phoneNumber=699 (truncated)...]
2023-07-25 09:43:26.985 DEBUG SCY-LP-005 - [nio-8080-exec-4] [o.s.w.s.DispatcherServlet          ] : Completed 202 ACCEPTED
2023-07-25 09:43:26.986 DEBUG SCY-LP-005 - [nio-8080-exec-5] [o.s.w.s.DispatcherServlet          ] : GET "/api/users/allusers", parameters={}
2023-07-25 09:43:26.986 DEBUG SCY-LP-005 - [nio-8080-exec-5] [.m.m.a.RequestMappingHandlerMapping] : Mapped to com.scytalys.technikon.controller.UserController#getAllUsers()
2023-07-25 09:43:26.992 DEBUG SCY-LP-005 - [nio-8080-exec-5] [w.s.m.m.a.HttpEntityMethodProcessor] : Using 'application/json', given [*/*] and supported [application/json, application/*+json]
2023-07-25 09:43:26.992 DEBUG SCY-LP-005 - [nio-8080-exec-5] [w.s.m.m.a.HttpEntityMethodProcessor] : Writing [[UserDto(id=1, tinNumber=1111111, name=Kevin, lastname=Rosales, address=Zografou 23, phoneNumber=699 (truncated)...]
2023-07-25 09:43:26.993 DEBUG SCY-LP-005 - [nio-8080-exec-5] [o.s.w.s.DispatcherServlet          ] : Completed 202 ACCEPTED
2023-07-25 09:43:27.145 DEBUG SCY-LP-005 - [nio-8080-exec-6] [o.s.w.s.DispatcherServlet          ] : GET "/api/users/allusers", parameters={}
2023-07-25 09:43:27.145 DEBUG SCY-LP-005 - [nio-8080-exec-6] [.m.m.a.RequestMappingHandlerMapping] : Mapped to com.scytalys.technikon.controller.UserController#getAllUsers()
2023-07-25 09:43:27.148 DEBUG SCY-LP-005 - [nio-8080-exec-6] [w.s.m.m.a.HttpEntityMethodProcessor] : Using 'application/json', given [*/*] and supported [application/json, application/*+json]
2023-07-25 09:43:27.148 DEBUG SCY-LP-005 - [nio-8080-exec-6] [w.s.m.m.a.HttpEntityMethodProcessor] : Writing [[UserDto(id=1, tinNumber=1111111, name=Kevin, lastname=Rosales, address=Zografou 23, phoneNumber=699 (truncated)...]
2023-07-25 09:43:27.148 DEBUG SCY-LP-005 - [nio-8080-exec-6] [o.s.w.s.DispatcherServlet          ] : Completed 202 ACCEPTED
2023-07-25 09:43:27.150 DEBUG SCY-LP-005 - [nio-8080-exec-7] [o.s.w.s.DispatcherServlet          ] : GET "/api/users/allusers", parameters={}
2023-07-25 09:43:27.150 DEBUG SCY-LP-005 - [nio-8080-exec-7] [.m.m.a.RequestMappingHandlerMapping] : Mapped to com.scytalys.technikon.controller.UserController#getAllUsers()
2023-07-25 09:43:27.155 DEBUG SCY-LP-005 - [nio-8080-exec-7] [w.s.m.m.a.HttpEntityMethodProcessor] : Using 'application/json', given [*/*] and supported [application/json, application/*+json]
2023-07-25 09:43:27.155 DEBUG SCY-LP-005 - [nio-8080-exec-7] [w.s.m.m.a.HttpEntityMethodProcessor] : Writing [[UserDto(id=1, tinNumber=1111111, name=Kevin, lastname=Rosales, address=Zografou 23, phoneNumber=699 (truncated)...]
2023-07-25 09:43:27.156 DEBUG SCY-LP-005 - [nio-8080-exec-7] [o.s.w.s.DispatcherServlet          ] : Completed 202 ACCEPTED
2023-07-25 09:43:27.330 DEBUG SCY-LP-005 - [nio-8080-exec-8] [o.s.w.s.DispatcherServlet          ] : GET "/api/users/allusers", parameters={}
2023-07-25 09:43:27.331 DEBUG SCY-LP-005 - [nio-8080-exec-8] [.m.m.a.RequestMappingHandlerMapping] : Mapped to com.scytalys.technikon.controller.UserController#getAllUsers()
2023-07-25 09:43:27.334 DEBUG SCY-LP-005 - [nio-8080-exec-8] [w.s.m.m.a.HttpEntityMethodProcessor] : Using 'application/json', given [*/*] and supported [application/json, application/*+json]
2023-07-25 09:43:27.335 DEBUG SCY-LP-005 - [nio-8080-exec-8] [w.s.m.m.a.HttpEntityMethodProcessor] : Writing [[UserDto(id=1, tinNumber=1111111, name=Kevin, lastname=Rosales, address=Zografou 23, phoneNumber=699 (truncated)...]
2023-07-25 09:43:27.335 DEBUG SCY-LP-005 - [nio-8080-exec-8] [o.s.w.s.DispatcherServlet          ] : Completed 202 ACCEPTED
2023-07-25 09:43:27.337 DEBUG SCY-LP-005 - [nio-8080-exec-9] [o.s.w.s.DispatcherServlet          ] : GET "/api/users/allusers", parameters={}
2023-07-25 09:43:27.337 DEBUG SCY-LP-005 - [nio-8080-exec-9] [.m.m.a.RequestMappingHandlerMapping] : Mapped to com.scytalys.technikon.controller.UserController#getAllUsers()
2023-07-25 09:43:27.342 DEBUG SCY-LP-005 - [nio-8080-exec-9] [w.s.m.m.a.HttpEntityMethodProcessor] : Using 'application/json', given [*/*] and supported [application/json, application/*+json]
2023-07-25 09:43:27.342 DEBUG SCY-LP-005 - [nio-8080-exec-9] [w.s.m.m.a.HttpEntityMethodProcessor] : Writing [[UserDto(id=1, tinNumber=1111111, name=Kevin, lastname=Rosales, address=Zografou 23, phoneNumber=699 (truncated)...]
2023-07-25 09:43:27.343 DEBUG SCY-LP-005 - [nio-8080-exec-9] [o.s.w.s.DispatcherServlet          ] : Completed 202 ACCEPTED
2023-07-25 09:43:27.655 DEBUG SCY-LP-005 - [io-8080-exec-10] [o.s.w.s.DispatcherServlet          ] : GET "/api/users/allusers", parameters={}
2023-07-25 09:43:27.656 DEBUG SCY-LP-005 - [io-8080-exec-10] [.m.m.a.RequestMappingHandlerMapping] : Mapped to com.scytalys.technikon.controller.UserController#getAllUsers()
2023-07-25 09:43:27.659 DEBUG SCY-LP-005 - [io-8080-exec-10] [w.s.m.m.a.HttpEntityMethodProcessor] : Using 'application/json', given [*/*] and supported [application/json, application/*+json]
2023-07-25 09:43:27.659 DEBUG SCY-LP-005 - [io-8080-exec-10] [w.s.m.m.a.HttpEntityMethodProcessor] : Writing [[UserDto(id=1, tinNumber=1111111, name=Kevin, lastname=Rosales, address=Zografou 23, phoneNumber=699 (truncated)...]
2023-07-25 09:43:27.659 DEBUG SCY-LP-005 - [io-8080-exec-10] [o.s.w.s.DispatcherServlet          ] : Completed 202 ACCEPTED
2023-07-25 09:43:27.661 DEBUG SCY-LP-005 - [nio-8080-exec-1] [o.s.w.s.DispatcherServlet          ] : GET "/api/users/allusers", parameters={}
2023-07-25 09:43:27.662 DEBUG SCY-LP-005 - [nio-8080-exec-1] [.m.m.a.RequestMappingHandlerMapping] : Mapped to com.scytalys.technikon.controller.UserController#getAllUsers()
2023-07-25 09:43:27.665 DEBUG SCY-LP-005 - [nio-8080-exec-1] [w.s.m.m.a.HttpEntityMethodProcessor] : Using 'application/json', given [*/*] and supported [application/json, application/*+json]
2023-07-25 09:43:27.665 DEBUG SCY-LP-005 - [nio-8080-exec-1] [w.s.m.m.a.HttpEntityMethodProcessor] : Writing [[UserDto(id=1, tinNumber=1111111, name=Kevin, lastname=Rosales, address=Zografou 23, phoneNumber=699 (truncated)...]
2023-07-25 09:43:27.666 DEBUG SCY-LP-005 - [nio-8080-exec-1] [o.s.w.s.DispatcherServlet          ] : Completed 202 ACCEPTED
2023-07-25 09:43:27.832 DEBUG SCY-LP-005 - [nio-8080-exec-2] [o.s.w.s.DispatcherServlet          ] : GET "/api/users/allusers", parameters={}
2023-07-25 09:43:27.832 DEBUG SCY-LP-005 - [nio-8080-exec-2] [.m.m.a.RequestMappingHandlerMapping] : Mapped to com.scytalys.technikon.controller.UserController#getAllUsers()
2023-07-25 09:43:27.836 DEBUG SCY-LP-005 - [nio-8080-exec-2] [w.s.m.m.a.HttpEntityMethodProcessor] : Using 'application/json', given [*/*] and supported [application/json, application/*+json]
2023-07-25 09:43:27.836 DEBUG SCY-LP-005 - [nio-8080-exec-2] [w.s.m.m.a.HttpEntityMethodProcessor] : Writing [[UserDto(id=1, tinNumber=1111111, name=Kevin, lastname=Rosales, address=Zografou 23, phoneNumber=699 (truncated)...]
2023-07-25 09:43:27.836 DEBUG SCY-LP-005 - [nio-8080-exec-2] [o.s.w.s.DispatcherServlet          ] : Completed 202 ACCEPTED
2023-07-25 09:43:27.838 DEBUG SCY-LP-005 - [nio-8080-exec-3] [o.s.w.s.DispatcherServlet          ] : GET "/api/users/allusers", parameters={}
2023-07-25 09:43:27.838 DEBUG SCY-LP-005 - [nio-8080-exec-3] [.m.m.a.RequestMappingHandlerMapping] : Mapped to com.scytalys.technikon.controller.UserController#getAllUsers()
2023-07-25 09:43:27.843 DEBUG SCY-LP-005 - [nio-8080-exec-3] [w.s.m.m.a.HttpEntityMethodProcessor] : Using 'application/json', given [*/*] and supported [application/json, application/*+json]
2023-07-25 09:43:27.843 DEBUG SCY-LP-005 - [nio-8080-exec-3] [w.s.m.m.a.HttpEntityMethodProcessor] : Writing [[UserDto(id=1, tinNumber=1111111, name=Kevin, lastname=Rosales, address=Zografou 23, phoneNumber=699 (truncated)...]
2023-07-25 09:43:27.844 DEBUG SCY-LP-005 - [nio-8080-exec-3] [o.s.w.s.DispatcherServlet          ] : Completed 202 ACCEPTED
2023-07-25 09:43:28.034 DEBUG SCY-LP-005 - [nio-8080-exec-4] [o.s.w.s.DispatcherServlet          ] : GET "/api/users/allusers", parameters={}
2023-07-25 09:43:28.034 DEBUG SCY-LP-005 - [nio-8080-exec-4] [.m.m.a.RequestMappingHandlerMapping] : Mapped to com.scytalys.technikon.controller.UserController#getAllUsers()
2023-07-25 09:43:28.038 DEBUG SCY-LP-005 - [nio-8080-exec-4] [w.s.m.m.a.HttpEntityMethodProcessor] : Using 'application/json', given [*/*] and supported [application/json, application/*+json]
2023-07-25 09:43:28.038 DEBUG SCY-LP-005 - [nio-8080-exec-4] [w.s.m.m.a.HttpEntityMethodProcessor] : Writing [[UserDto(id=1, tinNumber=1111111, name=Kevin, lastname=Rosales, address=Zografou 23, phoneNumber=699 (truncated)...]
2023-07-25 09:43:28.039 DEBUG SCY-LP-005 - [nio-8080-exec-4] [o.s.w.s.DispatcherServlet          ] : Completed 202 ACCEPTED
2023-07-25 09:43:28.040 DEBUG SCY-LP-005 - [nio-8080-exec-5] [o.s.w.s.DispatcherServlet          ] : GET "/api/users/allusers", parameters={}
2023-07-25 09:43:28.040 DEBUG SCY-LP-005 - [nio-8080-exec-5] [.m.m.a.RequestMappingHandlerMapping] : Mapped to com.scytalys.technikon.controller.UserController#getAllUsers()
2023-07-25 09:43:28.044 DEBUG SCY-LP-005 - [nio-8080-exec-5] [w.s.m.m.a.HttpEntityMethodProcessor] : Using 'application/json', given [*/*] and supported [application/json, application/*+json]
2023-07-25 09:43:28.045 DEBUG SCY-LP-005 - [nio-8080-exec-5] [w.s.m.m.a.HttpEntityMethodProcessor] : Writing [[UserDto(id=1, tinNumber=1111111, name=Kevin, lastname=Rosales, address=Zografou 23, phoneNumber=699 (truncated)...]
2023-07-25 09:43:28.045 DEBUG SCY-LP-005 - [nio-8080-exec-5] [o.s.w.s.DispatcherServlet          ] : Completed 202 ACCEPTED
2023-07-25 09:43:28.220 DEBUG SCY-LP-005 - [nio-8080-exec-6] [o.s.w.s.DispatcherServlet          ] : GET "/api/users/allusers", parameters={}
2023-07-25 09:43:28.220 DEBUG SCY-LP-005 - [nio-8080-exec-6] [.m.m.a.RequestMappingHandlerMapping] : Mapped to com.scytalys.technikon.controller.UserController#getAllUsers()
2023-07-25 09:43:28.223 DEBUG SCY-LP-005 - [nio-8080-exec-6] [w.s.m.m.a.HttpEntityMethodProcessor] : Using 'application/json', given [*/*] and supported [application/json, application/*+json]
2023-07-25 09:43:28.223 DEBUG SCY-LP-005 - [nio-8080-exec-6] [w.s.m.m.a.HttpEntityMethodProcessor] : Writing [[UserDto(id=1, tinNumber=1111111, name=Kevin, lastname=Rosales, address=Zografou 23, phoneNumber=699 (truncated)...]
2023-07-25 09:43:28.223 DEBUG SCY-LP-005 - [nio-8080-exec-6] [o.s.w.s.DispatcherServlet          ] : Completed 202 ACCEPTED
2023-07-25 09:43:28.225 DEBUG SCY-LP-005 - [nio-8080-exec-7] [o.s.w.s.DispatcherServlet          ] : GET "/api/users/allusers", parameters={}
2023-07-25 09:43:28.225 DEBUG SCY-LP-005 - [nio-8080-exec-7] [.m.m.a.RequestMappingHandlerMapping] : Mapped to com.scytalys.technikon.controller.UserController#getAllUsers()
2023-07-25 09:43:28.229 DEBUG SCY-LP-005 - [nio-8080-exec-7] [w.s.m.m.a.HttpEntityMethodProcessor] : Using 'application/json', given [*/*] and supported [application/json, application/*+json]
2023-07-25 09:43:28.229 DEBUG SCY-LP-005 - [nio-8080-exec-7] [w.s.m.m.a.HttpEntityMethodProcessor] : Writing [[UserDto(id=1, tinNumber=1111111, name=Kevin, lastname=Rosales, address=Zografou 23, phoneNumber=699 (truncated)...]
2023-07-25 09:43:28.230 DEBUG SCY-LP-005 - [nio-8080-exec-7] [o.s.w.s.DispatcherServlet          ] : Completed 202 ACCEPTED
2023-07-25 09:52:48.458 DEBUG SCY-LP-005 - [nio-8080-exec-9] [o.s.w.s.DispatcherServlet          ] : GET "/api/users/search/1", parameters={}
2023-07-25 09:52:48.458 DEBUG SCY-LP-005 - [nio-8080-exec-9] [.m.m.a.RequestMappingHandlerMapping] : Mapped to com.scytalys.technikon.controller.UserController#searchUser(Long)
2023-07-25 09:52:48.465 DEBUG SCY-LP-005 - [nio-8080-exec-9] [w.s.m.m.a.HttpEntityMethodProcessor] : Using 'application/json', given [application/json, text/plain, */*] and supported [application/json, application/*+json]
2023-07-25 09:52:48.465 DEBUG SCY-LP-005 - [nio-8080-exec-9] [w.s.m.m.a.HttpEntityMethodProcessor] : Writing [UserDto(id=1, tinNumber=1111111, name=Kevin, lastname=Rosales, address=Zografou 23, phoneNumber=6993 (truncated)...]
2023-07-25 09:52:48.465 DEBUG SCY-LP-005 - [nio-8080-exec-9] [o.s.w.s.DispatcherServlet          ] : Completed 202 ACCEPTED
2023-07-25 09:52:48.467 DEBUG SCY-LP-005 - [io-8080-exec-10] [o.s.w.s.DispatcherServlet          ] : GET "/api/users/search/1", parameters={}
2023-07-25 09:52:48.467 DEBUG SCY-LP-005 - [io-8080-exec-10] [.m.m.a.RequestMappingHandlerMapping] : Mapped to com.scytalys.technikon.controller.UserController#searchUser(Long)
2023-07-25 09:52:48.470 DEBUG SCY-LP-005 - [io-8080-exec-10] [w.s.m.m.a.HttpEntityMethodProcessor] : Using 'application/json', given [application/json, text/plain, */*] and supported [application/json, application/*+json]
2023-07-25 09:52:48.470 DEBUG SCY-LP-005 - [io-8080-exec-10] [w.s.m.m.a.HttpEntityMethodProcessor] : Writing [UserDto(id=1, tinNumber=1111111, name=Kevin, lastname=Rosales, address=Zografou 23, phoneNumber=6993 (truncated)...]
2023-07-25 09:52:48.470 DEBUG SCY-LP-005 - [io-8080-exec-10] [o.s.w.s.DispatcherServlet          ] : Completed 202 ACCEPTED
2023-07-25 09:52:48.472 DEBUG SCY-LP-005 - [nio-8080-exec-1] [o.s.w.s.DispatcherServlet          ] : GET "/api/users/search/1", parameters={}
2023-07-25 09:52:48.472 DEBUG SCY-LP-005 - [nio-8080-exec-1] [.m.m.a.RequestMappingHandlerMapping] : Mapped to com.scytalys.technikon.controller.UserController#searchUser(Long)
2023-07-25 09:52:48.476 DEBUG SCY-LP-005 - [nio-8080-exec-1] [w.s.m.m.a.HttpEntityMethodProcessor] : Using 'application/json', given [application/json, text/plain, */*] and supported [application/json, application/*+json]
2023-07-25 09:52:48.476 DEBUG SCY-LP-005 - [nio-8080-exec-1] [w.s.m.m.a.HttpEntityMethodProcessor] : Writing [UserDto(id=1, tinNumber=1111111, name=Kevin, lastname=Rosales, address=Zografou 23, phoneNumber=6993 (truncated)...]
2023-07-25 09:52:48.476 DEBUG SCY-LP-005 - [nio-8080-exec-1] [o.s.w.s.DispatcherServlet          ] : Completed 202 ACCEPTED
2023-07-25 09:52:48.477 DEBUG SCY-LP-005 - [nio-8080-exec-2] [o.s.w.s.DispatcherServlet          ] : GET "/api/users/search/1", parameters={}
2023-07-25 09:52:48.477 DEBUG SCY-LP-005 - [nio-8080-exec-2] [.m.m.a.RequestMappingHandlerMapping] : Mapped to com.scytalys.technikon.controller.UserController#searchUser(Long)
2023-07-25 09:52:48.479 DEBUG SCY-LP-005 - [nio-8080-exec-2] [w.s.m.m.a.HttpEntityMethodProcessor] : Using 'application/json', given [application/json, text/plain, */*] and supported [application/json, application/*+json]
2023-07-25 09:52:48.479 DEBUG SCY-LP-005 - [nio-8080-exec-2] [w.s.m.m.a.HttpEntityMethodProcessor] : Writing [UserDto(id=1, tinNumber=1111111, name=Kevin, lastname=Rosales, address=Zografou 23, phoneNumber=6993 (truncated)...]
2023-07-25 09:52:48.480 DEBUG SCY-LP-005 - [nio-8080-exec-2] [o.s.w.s.DispatcherServlet          ] : Completed 202 ACCEPTED
2023-07-25 10:00:25.991 DEBUG SCY-LP-005 - [nio-8080-exec-4] [o.s.w.s.DispatcherServlet          ] : GET "/api/users/allusers", parameters={}
2023-07-25 10:00:25.991 DEBUG SCY-LP-005 - [nio-8080-exec-4] [.m.m.a.RequestMappingHandlerMapping] : Mapped to com.scytalys.technikon.controller.UserController#getAllUsers()
2023-07-25 10:00:25.997 DEBUG SCY-LP-005 - [nio-8080-exec-4] [w.s.m.m.a.HttpEntityMethodProcessor] : Using 'application/json', given [*/*] and supported [application/json, application/*+json]
2023-07-25 10:00:25.997 DEBUG SCY-LP-005 - [nio-8080-exec-4] [w.s.m.m.a.HttpEntityMethodProcessor] : Writing [[UserDto(id=1, tinNumber=1111111, name=Kevin, lastname=Rosales, address=Zografou 23, phoneNumber=699 (truncated)...]
2023-07-25 10:00:25.998 DEBUG SCY-LP-005 - [nio-8080-exec-4] [o.s.w.s.DispatcherServlet          ] : Completed 202 ACCEPTED
2023-07-25 10:00:25.999 DEBUG SCY-LP-005 - [nio-8080-exec-5] [o.s.w.s.DispatcherServlet          ] : GET "/api/users/allusers", parameters={}
2023-07-25 10:00:25.999 DEBUG SCY-LP-005 - [nio-8080-exec-5] [.m.m.a.RequestMappingHandlerMapping] : Mapped to com.scytalys.technikon.controller.UserController#getAllUsers()
2023-07-25 10:00:26.005 DEBUG SCY-LP-005 - [nio-8080-exec-5] [w.s.m.m.a.HttpEntityMethodProcessor] : Using 'application/json', given [*/*] and supported [application/json, application/*+json]
2023-07-25 10:00:26.005 DEBUG SCY-LP-005 - [nio-8080-exec-5] [w.s.m.m.a.HttpEntityMethodProcessor] : Writing [[UserDto(id=1, tinNumber=1111111, name=Kevin, lastname=Rosales, address=Zografou 23, phoneNumber=699 (truncated)...]
2023-07-25 10:00:26.006 DEBUG SCY-LP-005 - [nio-8080-exec-5] [o.s.w.s.DispatcherServlet          ] : Completed 202 ACCEPTED
2023-07-25 10:41:16.387 DEBUG SCY-LP-005 - [nio-8080-exec-7] [o.s.w.s.DispatcherServlet          ] : OPTIONS "/api/auth/login", parameters={}
2023-07-25 10:41:16.388 DEBUG SCY-LP-005 - [nio-8080-exec-7] [.m.m.a.RequestMappingHandlerMapping] : Mapped to com.scytalys.technikon.controller.AuthController#login(LoginDto)
2023-07-25 10:41:16.388 DEBUG SCY-LP-005 - [nio-8080-exec-7] [o.s.w.s.DispatcherServlet          ] : Completed 200 OK
2023-07-25 10:41:16.390 DEBUG SCY-LP-005 - [nio-8080-exec-8] [o.s.w.s.DispatcherServlet          ] : POST "/api/auth/login", parameters={}
2023-07-25 10:41:16.390 DEBUG SCY-LP-005 - [nio-8080-exec-8] [.m.m.a.RequestMappingHandlerMapping] : Mapped to com.scytalys.technikon.controller.AuthController#login(LoginDto)
2023-07-25 10:41:16.395 DEBUG SCY-LP-005 - [nio-8080-exec-8] [.RequestResponseBodyMethodProcessor] : Read "application/json;charset=UTF-8" to [com.scytalys.technikon.dto.LoginDto@1a9dd46c]
2023-07-25 10:41:16.404 DEBUG SCY-LP-005 - [nio-8080-exec-8] [w.s.m.m.a.HttpEntityMethodProcessor] : Using 'application/json', given [application/json, text/plain, */*] and supported [text/plain, */*, application/json, application/*+json]
2023-07-25 10:41:16.404 DEBUG SCY-LP-005 - [nio-8080-exec-8] [w.s.m.m.a.HttpEntityMethodProcessor] : Writing ["Login successful"]
2023-07-25 10:41:16.404 DEBUG SCY-LP-005 - [nio-8080-exec-8] [o.s.w.s.DispatcherServlet          ] : Completed 200 OK
2023-07-25 10:41:16.416 DEBUG SCY-LP-005 - [nio-8080-exec-9] [o.s.w.s.DispatcherServlet          ] : GET "/api/users/allusers", parameters={}
2023-07-25 10:41:16.416 DEBUG SCY-LP-005 - [nio-8080-exec-9] [.m.m.a.RequestMappingHandlerMapping] : Mapped to com.scytalys.technikon.controller.UserController#getAllUsers()
2023-07-25 10:41:16.422 DEBUG SCY-LP-005 - [nio-8080-exec-9] [w.s.m.m.a.HttpEntityMethodProcessor] : Using 'application/json', given [*/*] and supported [application/json, application/*+json]
2023-07-25 10:41:16.422 DEBUG SCY-LP-005 - [nio-8080-exec-9] [w.s.m.m.a.HttpEntityMethodProcessor] : Writing [[UserDto(id=1, tinNumber=1111111, name=Kevin, lastname=Rosales, address=Zografou 23, phoneNumber=699 (truncated)...]
2023-07-25 10:41:16.423 DEBUG SCY-LP-005 - [nio-8080-exec-9] [o.s.w.s.DispatcherServlet          ] : Completed 202 ACCEPTED
2023-07-25 10:41:16.424 DEBUG SCY-LP-005 - [io-8080-exec-10] [o.s.w.s.DispatcherServlet          ] : GET "/api/users/allusers", parameters={}
2023-07-25 10:41:16.424 DEBUG SCY-LP-005 - [io-8080-exec-10] [.m.m.a.RequestMappingHandlerMapping] : Mapped to com.scytalys.technikon.controller.UserController#getAllUsers()
2023-07-25 10:41:16.430 DEBUG SCY-LP-005 - [io-8080-exec-10] [w.s.m.m.a.HttpEntityMethodProcessor] : Using 'application/json', given [*/*] and supported [application/json, application/*+json]
2023-07-25 10:41:16.430 DEBUG SCY-LP-005 - [io-8080-exec-10] [w.s.m.m.a.HttpEntityMethodProcessor] : Writing [[UserDto(id=1, tinNumber=1111111, name=Kevin, lastname=Rosales, address=Zografou 23, phoneNumber=699 (truncated)...]
2023-07-25 10:41:16.430 DEBUG SCY-LP-005 - [io-8080-exec-10] [o.s.w.s.DispatcherServlet          ] : Completed 202 ACCEPTED
2023-07-25 10:41:16.546 DEBUG SCY-LP-005 - [nio-8080-exec-1] [o.s.w.s.DispatcherServlet          ] : GET "/api/users/allusers", parameters={}
2023-07-25 10:41:16.547 DEBUG SCY-LP-005 - [nio-8080-exec-1] [.m.m.a.RequestMappingHandlerMapping] : Mapped to com.scytalys.technikon.controller.UserController#getAllUsers()
2023-07-25 10:41:16.552 DEBUG SCY-LP-005 - [nio-8080-exec-1] [w.s.m.m.a.HttpEntityMethodProcessor] : Using 'application/json', given [*/*] and supported [application/json, application/*+json]
2023-07-25 10:41:16.552 DEBUG SCY-LP-005 - [nio-8080-exec-1] [w.s.m.m.a.HttpEntityMethodProcessor] : Writing [[UserDto(id=1, tinNumber=1111111, name=Kevin, lastname=Rosales, address=Zografou 23, phoneNumber=699 (truncated)...]
2023-07-25 10:41:16.552 DEBUG SCY-LP-005 - [nio-8080-exec-1] [o.s.w.s.DispatcherServlet          ] : Completed 202 ACCEPTED
2023-07-25 10:41:16.554 DEBUG SCY-LP-005 - [nio-8080-exec-2] [o.s.w.s.DispatcherServlet          ] : GET "/api/users/allusers", parameters={}
2023-07-25 10:41:16.554 DEBUG SCY-LP-005 - [nio-8080-exec-2] [.m.m.a.RequestMappingHandlerMapping] : Mapped to com.scytalys.technikon.controller.UserController#getAllUsers()
2023-07-25 10:41:16.560 DEBUG SCY-LP-005 - [nio-8080-exec-2] [w.s.m.m.a.HttpEntityMethodProcessor] : Using 'application/json', given [*/*] and supported [application/json, application/*+json]
2023-07-25 10:41:16.560 DEBUG SCY-LP-005 - [nio-8080-exec-2] [w.s.m.m.a.HttpEntityMethodProcessor] : Writing [[UserDto(id=1, tinNumber=1111111, name=Kevin, lastname=Rosales, address=Zografou 23, phoneNumber=699 (truncated)...]
2023-07-25 10:41:16.562 DEBUG SCY-LP-005 - [nio-8080-exec-2] [o.s.w.s.DispatcherServlet          ] : Completed 202 ACCEPTED
2023-07-25 10:52:08.721 DEBUG SCY-LP-005 - [nio-8080-exec-4] [o.s.w.s.DispatcherServlet          ] : OPTIONS "/api/auth/register", parameters={}
2023-07-25 10:52:08.721 DEBUG SCY-LP-005 - [nio-8080-exec-4] [.m.m.a.RequestMappingHandlerMapping] : Mapped to com.scytalys.technikon.controller.AuthController#register(UserDto)
2023-07-25 10:52:08.722 DEBUG SCY-LP-005 - [nio-8080-exec-4] [o.s.w.s.DispatcherServlet          ] : Completed 200 OK
2023-07-25 10:52:08.723 DEBUG SCY-LP-005 - [nio-8080-exec-5] [o.s.w.s.DispatcherServlet          ] : POST "/api/auth/register", parameters={}
2023-07-25 10:52:08.723 DEBUG SCY-LP-005 - [nio-8080-exec-5] [.m.m.a.RequestMappingHandlerMapping] : Mapped to com.scytalys.technikon.controller.AuthController#register(UserDto)
2023-07-25 10:52:08.726 DEBUG SCY-LP-005 - [nio-8080-exec-5] [.RequestResponseBodyMethodProcessor] : Read "application/json;charset=UTF-8" to [UserDto(id=null, tinNumber=19990911, name=Kevin, lastname=Rosales, address=Zografou papagou 23, phon (truncated)...]
2023-07-25 10:52:08.740 DEBUG SCY-LP-005 - [nio-8080-exec-5] [w.s.m.m.a.HttpEntityMethodProcessor] : Using 'application/json', given [application/json, text/plain, */*] and supported [text/plain, */*, application/json, application/*+json]
2023-07-25 10:52:08.740 DEBUG SCY-LP-005 - [nio-8080-exec-5] [w.s.m.m.a.HttpEntityMethodProcessor] : Writing ["User Registered successfully"]
2023-07-25 10:52:08.741 DEBUG SCY-LP-005 - [nio-8080-exec-5] [o.s.w.s.DispatcherServlet          ] : Completed 201 CREATED
2023-07-25 10:52:23.149 DEBUG SCY-LP-005 - [nio-8080-exec-6] [o.s.w.s.DispatcherServlet          ] : POST "/api/auth/login", parameters={}
2023-07-25 10:52:23.149 DEBUG SCY-LP-005 - [nio-8080-exec-6] [.m.m.a.RequestMappingHandlerMapping] : Mapped to com.scytalys.technikon.controller.AuthController#login(LoginDto)
2023-07-25 10:52:23.150 DEBUG SCY-LP-005 - [nio-8080-exec-6] [.RequestResponseBodyMethodProcessor] : Read "application/json;charset=UTF-8" to [com.scytalys.technikon.dto.LoginDto@70423058]
2023-07-25 10:52:23.153 DEBUG SCY-LP-005 - [nio-8080-exec-6] [w.s.m.m.a.HttpEntityMethodProcessor] : Using 'application/json', given [application/json, text/plain, */*] and supported [text/plain, */*, application/json, application/*+json]
2023-07-25 10:52:23.153 DEBUG SCY-LP-005 - [nio-8080-exec-6] [w.s.m.m.a.HttpEntityMethodProcessor] : Writing ["Login successful"]
2023-07-25 10:52:23.154 DEBUG SCY-LP-005 - [nio-8080-exec-6] [o.s.w.s.DispatcherServlet          ] : Completed 200 OK
2023-07-25 10:52:23.163 DEBUG SCY-LP-005 - [nio-8080-exec-7] [o.s.w.s.DispatcherServlet          ] : GET "/api/users/allusers", parameters={}
2023-07-25 10:52:23.164 DEBUG SCY-LP-005 - [nio-8080-exec-7] [.m.m.a.RequestMappingHandlerMapping] : Mapped to com.scytalys.technikon.controller.UserController#getAllUsers()
2023-07-25 10:52:23.168 DEBUG SCY-LP-005 - [nio-8080-exec-7] [w.s.m.m.a.HttpEntityMethodProcessor] : Using 'application/json', given [*/*] and supported [application/json, application/*+json]
2023-07-25 10:52:23.168 DEBUG SCY-LP-005 - [nio-8080-exec-7] [w.s.m.m.a.HttpEntityMethodProcessor] : Writing [[UserDto(id=1, tinNumber=1111111, name=Kevin, lastname=Rosales, address=Zografou 23, phoneNumber=699 (truncated)...]
2023-07-25 10:52:23.169 DEBUG SCY-LP-005 - [nio-8080-exec-7] [o.s.w.s.DispatcherServlet          ] : Completed 202 ACCEPTED
2023-07-25 10:52:23.170 DEBUG SCY-LP-005 - [nio-8080-exec-8] [o.s.w.s.DispatcherServlet          ] : GET "/api/users/allusers", parameters={}
2023-07-25 10:52:23.170 DEBUG SCY-LP-005 - [nio-8080-exec-8] [.m.m.a.RequestMappingHandlerMapping] : Mapped to com.scytalys.technikon.controller.UserController#getAllUsers()
2023-07-25 10:52:23.174 DEBUG SCY-LP-005 - [nio-8080-exec-8] [w.s.m.m.a.HttpEntityMethodProcessor] : Using 'application/json', given [*/*] and supported [application/json, application/*+json]
2023-07-25 10:52:23.174 DEBUG SCY-LP-005 - [nio-8080-exec-8] [w.s.m.m.a.HttpEntityMethodProcessor] : Writing [[UserDto(id=1, tinNumber=1111111, name=Kevin, lastname=Rosales, address=Zografou 23, phoneNumber=699 (truncated)...]
2023-07-25 10:52:23.175 DEBUG SCY-LP-005 - [nio-8080-exec-8] [o.s.w.s.DispatcherServlet          ] : Completed 202 ACCEPTED
2023-07-25 10:52:23.550 DEBUG SCY-LP-005 - [nio-8080-exec-9] [o.s.w.s.DispatcherServlet          ] : GET "/api/users/allusers", parameters={}
2023-07-25 10:52:23.550 DEBUG SCY-LP-005 - [nio-8080-exec-9] [.m.m.a.RequestMappingHandlerMapping] : Mapped to com.scytalys.technikon.controller.UserController#getAllUsers()
2023-07-25 10:52:23.553 DEBUG SCY-LP-005 - [nio-8080-exec-9] [w.s.m.m.a.HttpEntityMethodProcessor] : Using 'application/json', given [*/*] and supported [application/json, application/*+json]
2023-07-25 10:52:23.553 DEBUG SCY-LP-005 - [nio-8080-exec-9] [w.s.m.m.a.HttpEntityMethodProcessor] : Writing [[UserDto(id=1, tinNumber=1111111, name=Kevin, lastname=Rosales, address=Zografou 23, phoneNumber=699 (truncated)...]
2023-07-25 10:52:23.554 DEBUG SCY-LP-005 - [nio-8080-exec-9] [o.s.w.s.DispatcherServlet          ] : Completed 202 ACCEPTED
2023-07-25 10:52:23.556 DEBUG SCY-LP-005 - [io-8080-exec-10] [o.s.w.s.DispatcherServlet          ] : GET "/api/users/allusers", parameters={}
2023-07-25 10:52:23.557 DEBUG SCY-LP-005 - [io-8080-exec-10] [.m.m.a.RequestMappingHandlerMapping] : Mapped to com.scytalys.technikon.controller.UserController#getAllUsers()
2023-07-25 10:52:23.562 DEBUG SCY-LP-005 - [io-8080-exec-10] [w.s.m.m.a.HttpEntityMethodProcessor] : Using 'application/json', given [*/*] and supported [application/json, application/*+json]
2023-07-25 10:52:23.562 DEBUG SCY-LP-005 - [io-8080-exec-10] [w.s.m.m.a.HttpEntityMethodProcessor] : Writing [[UserDto(id=1, tinNumber=1111111, name=Kevin, lastname=Rosales, address=Zografou 23, phoneNumber=699 (truncated)...]
2023-07-25 10:52:23.562 DEBUG SCY-LP-005 - [io-8080-exec-10] [o.s.w.s.DispatcherServlet          ] : Completed 202 ACCEPTED
2023-07-25 10:54:03.607 DEBUG SCY-LP-005 - [nio-8080-exec-2] [o.s.w.s.DispatcherServlet          ] : POST "/api/auth/login", parameters={}
2023-07-25 10:54:03.607 DEBUG SCY-LP-005 - [nio-8080-exec-2] [.m.m.a.RequestMappingHandlerMapping] : Mapped to com.scytalys.technikon.controller.AuthController#login(LoginDto)
2023-07-25 10:54:03.608 DEBUG SCY-LP-005 - [nio-8080-exec-2] [.RequestResponseBodyMethodProcessor] : Read "application/json;charset=UTF-8" to [com.scytalys.technikon.dto.LoginDto@4c28e16e]
2023-07-25 10:54:03.611 DEBUG SCY-LP-005 - [nio-8080-exec-2] [w.s.m.m.a.HttpEntityMethodProcessor] : Using 'application/json', given [application/json, text/plain, */*] and supported [text/plain, */*, application/json, application/*+json]
2023-07-25 10:54:03.611 DEBUG SCY-LP-005 - [nio-8080-exec-2] [w.s.m.m.a.HttpEntityMethodProcessor] : Writing ["Invalid credentials"]
2023-07-25 10:54:03.612 DEBUG SCY-LP-005 - [nio-8080-exec-2] [o.s.w.s.DispatcherServlet          ] : Completed 401 UNAUTHORIZED
2023-07-25 10:54:05.654 DEBUG SCY-LP-005 - [nio-8080-exec-3] [o.s.w.s.DispatcherServlet          ] : POST "/api/auth/login", parameters={}
2023-07-25 10:54:05.654 DEBUG SCY-LP-005 - [nio-8080-exec-3] [.m.m.a.RequestMappingHandlerMapping] : Mapped to com.scytalys.technikon.controller.AuthController#login(LoginDto)
2023-07-25 10:54:05.655 DEBUG SCY-LP-005 - [nio-8080-exec-3] [.RequestResponseBodyMethodProcessor] : Read "application/json;charset=UTF-8" to [com.scytalys.technikon.dto.LoginDto@1aae4bfd]
2023-07-25 10:54:05.657 DEBUG SCY-LP-005 - [nio-8080-exec-3] [w.s.m.m.a.HttpEntityMethodProcessor] : Using 'application/json', given [application/json, text/plain, */*] and supported [text/plain, */*, application/json, application/*+json]
2023-07-25 10:54:05.657 DEBUG SCY-LP-005 - [nio-8080-exec-3] [w.s.m.m.a.HttpEntityMethodProcessor] : Writing ["Invalid credentials"]
2023-07-25 10:54:05.658 DEBUG SCY-LP-005 - [nio-8080-exec-3] [o.s.w.s.DispatcherServlet          ] : Completed 401 UNAUTHORIZED
2023-07-25 11:02:58.248 DEBUG SCY-LP-005 - [nio-8080-exec-5] [o.s.w.s.DispatcherServlet          ] : POST "/api/auth/login", parameters={}
2023-07-25 11:02:58.248 DEBUG SCY-LP-005 - [nio-8080-exec-5] [.m.m.a.RequestMappingHandlerMapping] : Mapped to com.scytalys.technikon.controller.AuthController#login(LoginDto)
2023-07-25 11:02:58.249 DEBUG SCY-LP-005 - [nio-8080-exec-5] [.RequestResponseBodyMethodProcessor] : Read "application/json;charset=UTF-8" to [com.scytalys.technikon.dto.LoginDto@2143c306]
2023-07-25 11:02:58.255 DEBUG SCY-LP-005 - [nio-8080-exec-5] [w.s.m.m.a.HttpEntityMethodProcessor] : Using 'application/json', given [application/json, text/plain, */*] and supported [text/plain, */*, application/json, application/*+json]
2023-07-25 11:02:58.255 DEBUG SCY-LP-005 - [nio-8080-exec-5] [w.s.m.m.a.HttpEntityMethodProcessor] : Writing ["Login successful"]
2023-07-25 11:02:58.255 DEBUG SCY-LP-005 - [nio-8080-exec-5] [o.s.w.s.DispatcherServlet          ] : Completed 200 OK
2023-07-25 11:02:58.264 DEBUG SCY-LP-005 - [nio-8080-exec-6] [o.s.w.s.DispatcherServlet          ] : GET "/api/users/allusers", parameters={}
2023-07-25 11:02:58.264 DEBUG SCY-LP-005 - [nio-8080-exec-6] [.m.m.a.RequestMappingHandlerMapping] : Mapped to com.scytalys.technikon.controller.UserController#getAllUsers()
2023-07-25 11:02:58.270 DEBUG SCY-LP-005 - [nio-8080-exec-6] [w.s.m.m.a.HttpEntityMethodProcessor] : Using 'application/json', given [*/*] and supported [application/json, application/*+json]
2023-07-25 11:02:58.270 DEBUG SCY-LP-005 - [nio-8080-exec-6] [w.s.m.m.a.HttpEntityMethodProcessor] : Writing [[UserDto(id=1, tinNumber=1111111, name=Kevin, lastname=Rosales, address=Zografou 23, phoneNumber=699 (truncated)...]
2023-07-25 11:02:58.271 DEBUG SCY-LP-005 - [nio-8080-exec-6] [o.s.w.s.DispatcherServlet          ] : Completed 202 ACCEPTED
2023-07-25 11:02:58.272 DEBUG SCY-LP-005 - [nio-8080-exec-7] [o.s.w.s.DispatcherServlet          ] : GET "/api/users/allusers", parameters={}
2023-07-25 11:02:58.272 DEBUG SCY-LP-005 - [nio-8080-exec-7] [.m.m.a.RequestMappingHandlerMapping] : Mapped to com.scytalys.technikon.controller.UserController#getAllUsers()
2023-07-25 11:02:58.276 DEBUG SCY-LP-005 - [nio-8080-exec-7] [w.s.m.m.a.HttpEntityMethodProcessor] : Using 'application/json', given [*/*] and supported [application/json, application/*+json]
2023-07-25 11:02:58.276 DEBUG SCY-LP-005 - [nio-8080-exec-7] [w.s.m.m.a.HttpEntityMethodProcessor] : Writing [[UserDto(id=1, tinNumber=1111111, name=Kevin, lastname=Rosales, address=Zografou 23, phoneNumber=699 (truncated)...]
2023-07-25 11:02:58.276 DEBUG SCY-LP-005 - [nio-8080-exec-7] [o.s.w.s.DispatcherServlet          ] : Completed 202 ACCEPTED
2023-07-25 11:02:58.649 DEBUG SCY-LP-005 - [nio-8080-exec-8] [o.s.w.s.DispatcherServlet          ] : GET "/api/users/allusers", parameters={}
2023-07-25 11:02:58.649 DEBUG SCY-LP-005 - [nio-8080-exec-8] [.m.m.a.RequestMappingHandlerMapping] : Mapped to com.scytalys.technikon.controller.UserController#getAllUsers()
2023-07-25 11:02:58.655 DEBUG SCY-LP-005 - [nio-8080-exec-8] [w.s.m.m.a.HttpEntityMethodProcessor] : Using 'application/json', given [*/*] and supported [application/json, application/*+json]
2023-07-25 11:02:58.655 DEBUG SCY-LP-005 - [nio-8080-exec-8] [w.s.m.m.a.HttpEntityMethodProcessor] : Writing [[UserDto(id=1, tinNumber=1111111, name=Kevin, lastname=Rosales, address=Zografou 23, phoneNumber=699 (truncated)...]
2023-07-25 11:02:58.655 DEBUG SCY-LP-005 - [nio-8080-exec-8] [o.s.w.s.DispatcherServlet          ] : Completed 202 ACCEPTED
2023-07-25 11:02:58.659 DEBUG SCY-LP-005 - [nio-8080-exec-9] [o.s.w.s.DispatcherServlet          ] : GET "/api/users/allusers", parameters={}
2023-07-25 11:02:58.660 DEBUG SCY-LP-005 - [nio-8080-exec-9] [.m.m.a.RequestMappingHandlerMapping] : Mapped to com.scytalys.technikon.controller.UserController#getAllUsers()
2023-07-25 11:02:58.665 DEBUG SCY-LP-005 - [nio-8080-exec-9] [w.s.m.m.a.HttpEntityMethodProcessor] : Using 'application/json', given [*/*] and supported [application/json, application/*+json]
2023-07-25 11:02:58.665 DEBUG SCY-LP-005 - [nio-8080-exec-9] [w.s.m.m.a.HttpEntityMethodProcessor] : Writing [[UserDto(id=1, tinNumber=1111111, name=Kevin, lastname=Rosales, address=Zografou 23, phoneNumber=699 (truncated)...]
2023-07-25 11:02:58.665 DEBUG SCY-LP-005 - [nio-8080-exec-9] [o.s.w.s.DispatcherServlet          ] : Completed 202 ACCEPTED
2023-07-25 11:07:00.746 DEBUG SCY-LP-005 - [nio-8080-exec-1] [o.s.w.s.DispatcherServlet          ] : GET "/api/users/allusers", parameters={}
2023-07-25 11:07:00.746 DEBUG SCY-LP-005 - [nio-8080-exec-1] [.m.m.a.RequestMappingHandlerMapping] : Mapped to com.scytalys.technikon.controller.UserController#getAllUsers()
2023-07-25 11:07:00.750 DEBUG SCY-LP-005 - [nio-8080-exec-1] [w.s.m.m.a.HttpEntityMethodProcessor] : Using 'application/json', given [*/*] and supported [application/json, application/*+json]
2023-07-25 11:07:00.751 DEBUG SCY-LP-005 - [nio-8080-exec-1] [w.s.m.m.a.HttpEntityMethodProcessor] : Writing [[UserDto(id=1, tinNumber=1111111, name=Kevin, lastname=Rosales, address=Zografou 23, phoneNumber=699 (truncated)...]
2023-07-25 11:07:00.751 DEBUG SCY-LP-005 - [nio-8080-exec-1] [o.s.w.s.DispatcherServlet          ] : Completed 202 ACCEPTED
2023-07-25 11:07:00.753 DEBUG SCY-LP-005 - [nio-8080-exec-2] [o.s.w.s.DispatcherServlet          ] : GET "/api/users/allusers", parameters={}
2023-07-25 11:07:00.753 DEBUG SCY-LP-005 - [nio-8080-exec-2] [.m.m.a.RequestMappingHandlerMapping] : Mapped to com.scytalys.technikon.controller.UserController#getAllUsers()
2023-07-25 11:07:00.757 DEBUG SCY-LP-005 - [nio-8080-exec-2] [w.s.m.m.a.HttpEntityMethodProcessor] : Using 'application/json', given [*/*] and supported [application/json, application/*+json]
2023-07-25 11:07:00.757 DEBUG SCY-LP-005 - [nio-8080-exec-2] [w.s.m.m.a.HttpEntityMethodProcessor] : Writing [[UserDto(id=1, tinNumber=1111111, name=Kevin, lastname=Rosales, address=Zografou 23, phoneNumber=699 (truncated)...]
2023-07-25 11:07:00.759 DEBUG SCY-LP-005 - [nio-8080-exec-2] [o.s.w.s.DispatcherServlet          ] : Completed 202 ACCEPTED
2023-07-25 11:09:55.636 DEBUG SCY-LP-005 - [nio-8080-exec-4] [o.s.w.s.DispatcherServlet          ] : GET "/api/users/allusers", parameters={}
2023-07-25 11:09:55.636 DEBUG SCY-LP-005 - [nio-8080-exec-4] [.m.m.a.RequestMappingHandlerMapping] : Mapped to com.scytalys.technikon.controller.UserController#getAllUsers()
2023-07-25 11:09:55.640 DEBUG SCY-LP-005 - [nio-8080-exec-4] [w.s.m.m.a.HttpEntityMethodProcessor] : Using 'application/json', given [*/*] and supported [application/json, application/*+json]
2023-07-25 11:09:55.640 DEBUG SCY-LP-005 - [nio-8080-exec-4] [w.s.m.m.a.HttpEntityMethodProcessor] : Writing [[UserDto(id=1, tinNumber=1111111, name=Kevin, lastname=Rosales, address=Zografou 23, phoneNumber=699 (truncated)...]
2023-07-25 11:09:55.641 DEBUG SCY-LP-005 - [nio-8080-exec-4] [o.s.w.s.DispatcherServlet          ] : Completed 202 ACCEPTED
2023-07-25 11:09:55.642 DEBUG SCY-LP-005 - [nio-8080-exec-5] [o.s.w.s.DispatcherServlet          ] : GET "/api/users/allusers", parameters={}
2023-07-25 11:09:55.642 DEBUG SCY-LP-005 - [nio-8080-exec-5] [.m.m.a.RequestMappingHandlerMapping] : Mapped to com.scytalys.technikon.controller.UserController#getAllUsers()
2023-07-25 11:09:55.645 DEBUG SCY-LP-005 - [nio-8080-exec-5] [w.s.m.m.a.HttpEntityMethodProcessor] : Using 'application/json', given [*/*] and supported [application/json, application/*+json]
2023-07-25 11:09:55.645 DEBUG SCY-LP-005 - [nio-8080-exec-5] [w.s.m.m.a.HttpEntityMethodProcessor] : Writing [[UserDto(id=1, tinNumber=1111111, name=Kevin, lastname=Rosales, address=Zografou 23, phoneNumber=699 (truncated)...]
2023-07-25 11:09:55.647 DEBUG SCY-LP-005 - [nio-8080-exec-5] [o.s.w.s.DispatcherServlet          ] : Completed 202 ACCEPTED
2023-07-25 11:10:29.972 DEBUG SCY-LP-005 - [nio-8080-exec-6] [o.s.w.s.DispatcherServlet          ] : GET "/api/users/allusers", parameters={}
2023-07-25 11:10:29.972 DEBUG SCY-LP-005 - [nio-8080-exec-6] [.m.m.a.RequestMappingHandlerMapping] : Mapped to com.scytalys.technikon.controller.UserController#getAllUsers()
2023-07-25 11:10:29.977 DEBUG SCY-LP-005 - [nio-8080-exec-6] [w.s.m.m.a.HttpEntityMethodProcessor] : Using 'application/json', given [*/*] and supported [application/json, application/*+json]
2023-07-25 11:10:29.977 DEBUG SCY-LP-005 - [nio-8080-exec-6] [w.s.m.m.a.HttpEntityMethodProcessor] : Writing [[UserDto(id=1, tinNumber=1111111, name=Kevin, lastname=Rosales, address=Zografou 23, phoneNumber=699 (truncated)...]
2023-07-25 11:10:29.978 DEBUG SCY-LP-005 - [nio-8080-exec-6] [o.s.w.s.DispatcherServlet          ] : Completed 202 ACCEPTED
2023-07-25 11:10:29.979 DEBUG SCY-LP-005 - [nio-8080-exec-7] [o.s.w.s.DispatcherServlet          ] : GET "/api/users/allusers", parameters={}
2023-07-25 11:10:29.979 DEBUG SCY-LP-005 - [nio-8080-exec-7] [.m.m.a.RequestMappingHandlerMapping] : Mapped to com.scytalys.technikon.controller.UserController#getAllUsers()
2023-07-25 11:10:29.983 DEBUG SCY-LP-005 - [nio-8080-exec-7] [w.s.m.m.a.HttpEntityMethodProcessor] : Using 'application/json', given [*/*] and supported [application/json, application/*+json]
2023-07-25 11:10:29.983 DEBUG SCY-LP-005 - [nio-8080-exec-7] [w.s.m.m.a.HttpEntityMethodProcessor] : Writing [[UserDto(id=1, tinNumber=1111111, name=Kevin, lastname=Rosales, address=Zografou 23, phoneNumber=699 (truncated)...]
2023-07-25 11:10:29.984 DEBUG SCY-LP-005 - [nio-8080-exec-7] [o.s.w.s.DispatcherServlet          ] : Completed 202 ACCEPTED
2023-07-25 11:17:39.718 DEBUG SCY-LP-005 - [nio-8080-exec-9] [o.s.w.s.DispatcherServlet          ] : GET "/api/users/search/1", parameters={}
2023-07-25 11:17:39.719 DEBUG SCY-LP-005 - [nio-8080-exec-9] [.m.m.a.RequestMappingHandlerMapping] : Mapped to com.scytalys.technikon.controller.UserController#searchUser(Long)
2023-07-25 11:17:39.726 DEBUG SCY-LP-005 - [nio-8080-exec-9] [w.s.m.m.a.HttpEntityMethodProcessor] : Using 'application/json', given [application/json, text/plain, */*] and supported [application/json, application/*+json]
2023-07-25 11:17:39.726 DEBUG SCY-LP-005 - [nio-8080-exec-9] [w.s.m.m.a.HttpEntityMethodProcessor] : Writing [UserDto(id=1, tinNumber=1111111, name=Kevin, lastname=Rosales, address=Zografou 23, phoneNumber=6993 (truncated)...]
2023-07-25 11:17:39.727 DEBUG SCY-LP-005 - [nio-8080-exec-9] [o.s.w.s.DispatcherServlet          ] : Completed 202 ACCEPTED
2023-07-25 11:17:39.728 DEBUG SCY-LP-005 - [io-8080-exec-10] [o.s.w.s.DispatcherServlet          ] : GET "/api/users/search/1", parameters={}
2023-07-25 11:17:39.728 DEBUG SCY-LP-005 - [io-8080-exec-10] [.m.m.a.RequestMappingHandlerMapping] : Mapped to com.scytalys.technikon.controller.UserController#searchUser(Long)
2023-07-25 11:17:39.733 DEBUG SCY-LP-005 - [io-8080-exec-10] [w.s.m.m.a.HttpEntityMethodProcessor] : Using 'application/json', given [application/json, text/plain, */*] and supported [application/json, application/*+json]
2023-07-25 11:17:39.733 DEBUG SCY-LP-005 - [io-8080-exec-10] [w.s.m.m.a.HttpEntityMethodProcessor] : Writing [UserDto(id=1, tinNumber=1111111, name=Kevin, lastname=Rosales, address=Zografou 23, phoneNumber=6993 (truncated)...]
2023-07-25 11:17:39.733 DEBUG SCY-LP-005 - [io-8080-exec-10] [o.s.w.s.DispatcherServlet          ] : Completed 202 ACCEPTED
2023-07-25 11:17:39.735 DEBUG SCY-LP-005 - [nio-8080-exec-1] [o.s.w.s.DispatcherServlet          ] : GET "/api/users/search/1", parameters={}
2023-07-25 11:17:39.735 DEBUG SCY-LP-005 - [nio-8080-exec-1] [.m.m.a.RequestMappingHandlerMapping] : Mapped to com.scytalys.technikon.controller.UserController#searchUser(Long)
2023-07-25 11:17:39.738 DEBUG SCY-LP-005 - [nio-8080-exec-1] [w.s.m.m.a.HttpEntityMethodProcessor] : Using 'application/json', given [application/json, text/plain, */*] and supported [application/json, application/*+json]
2023-07-25 11:17:39.738 DEBUG SCY-LP-005 - [nio-8080-exec-1] [w.s.m.m.a.HttpEntityMethodProcessor] : Writing [UserDto(id=1, tinNumber=1111111, name=Kevin, lastname=Rosales, address=Zografou 23, phoneNumber=6993 (truncated)...]
2023-07-25 11:17:39.738 DEBUG SCY-LP-005 - [nio-8080-exec-1] [o.s.w.s.DispatcherServlet          ] : Completed 202 ACCEPTED
2023-07-25 11:17:39.740 DEBUG SCY-LP-005 - [nio-8080-exec-2] [o.s.w.s.DispatcherServlet          ] : GET "/api/users/search/1", parameters={}
2023-07-25 11:17:39.740 DEBUG SCY-LP-005 - [nio-8080-exec-2] [.m.m.a.RequestMappingHandlerMapping] : Mapped to com.scytalys.technikon.controller.UserController#searchUser(Long)
2023-07-25 11:17:39.742 DEBUG SCY-LP-005 - [nio-8080-exec-2] [w.s.m.m.a.HttpEntityMethodProcessor] : Using 'application/json', given [application/json, text/plain, */*] and supported [application/json, application/*+json]
2023-07-25 11:17:39.743 DEBUG SCY-LP-005 - [nio-8080-exec-2] [w.s.m.m.a.HttpEntityMethodProcessor] : Writing [UserDto(id=1, tinNumber=1111111, name=Kevin, lastname=Rosales, address=Zografou 23, phoneNumber=6993 (truncated)...]
2023-07-25 11:17:39.743 DEBUG SCY-LP-005 - [nio-8080-exec-2] [o.s.w.s.DispatcherServlet          ] : Completed 202 ACCEPTED
2023-07-25 11:18:05.582 DEBUG SCY-LP-005 - [nio-8080-exec-3] [o.s.w.s.DispatcherServlet          ] : GET "/api/users/search/1", parameters={}
2023-07-25 11:18:05.583 DEBUG SCY-LP-005 - [nio-8080-exec-3] [.m.m.a.RequestMappingHandlerMapping] : Mapped to com.scytalys.technikon.controller.UserController#searchUser(Long)
2023-07-25 11:18:05.587 DEBUG SCY-LP-005 - [nio-8080-exec-3] [w.s.m.m.a.HttpEntityMethodProcessor] : Using 'application/json', given [application/json, text/plain, */*] and supported [application/json, application/*+json]
2023-07-25 11:18:05.587 DEBUG SCY-LP-005 - [nio-8080-exec-3] [w.s.m.m.a.HttpEntityMethodProcessor] : Writing [UserDto(id=1, tinNumber=1111111, name=Kevin, lastname=Rosales, address=Zografou 23, phoneNumber=6993 (truncated)...]
2023-07-25 11:18:05.587 DEBUG SCY-LP-005 - [nio-8080-exec-3] [o.s.w.s.DispatcherServlet          ] : Completed 202 ACCEPTED
2023-07-25 11:21:19.385  INFO SCY-LP-005 - [ionShutdownHook] [alContainerEntityManagerFactoryBean] : Closing JPA EntityManagerFactory for persistence unit 'default'
2023-07-25 11:27:15.611  INFO SCY-LP-005 - [kground-preinit] [o.h.v.i.u.Version                  ] : HV000001: Hibernate Validator 8.0.0.Final
2023-07-25 11:27:15.650  INFO SCY-LP-005 - [           main] [c.s.t.TechnikonApplication         ] : Starting TechnikonApplication using Java 17.0.7 with PID 25920 (C:\Users\kevin\Desktop\Java Bootcamp\Technikon Final\target\classes started by kevin in C:\Users\kevin\Desktop\Java Bootcamp\Technikon Final)
2023-07-25 11:27:15.654 DEBUG SCY-LP-005 - [           main] [c.s.t.TechnikonApplication         ] : Running with Spring Boot v3.1.1, Spring v6.0.10
2023-07-25 11:27:15.655  INFO SCY-LP-005 - [           main] [c.s.t.TechnikonApplication         ] : No active profile set, falling back to 1 default profile: "default"
2023-07-25 11:27:16.823  INFO SCY-LP-005 - [           main] [o.s.b.w.e.t.TomcatWebServer        ] : Tomcat initialized with port(s): 8080 (http)
2023-07-25 11:27:16.832  INFO SCY-LP-005 - [           main] [o.a.c.h.Http11NioProtocol          ] : Initializing ProtocolHandler ["http-nio-8080"]
2023-07-25 11:27:16.833  INFO SCY-LP-005 - [           main] [o.a.c.c.StandardService            ] : Starting service [Tomcat]
2023-07-25 11:27:16.833  INFO SCY-LP-005 - [           main] [o.a.c.c.StandardEngine             ] : Starting Servlet engine: [Apache Tomcat/10.1.10]
2023-07-25 11:27:16.928  INFO SCY-LP-005 - [           main] [o.a.c.c.C.[.[.[/]                  ] : Initializing Spring embedded WebApplicationContext
2023-07-25 11:27:16.928  INFO SCY-LP-005 - [           main] [.ServletWebServerApplicationContext] : Root WebApplicationContext: initialization completed in 1235 ms
2023-07-25 11:27:17.098  INFO SCY-LP-005 - [           main] [o.h.j.i.u.LogHelper                ] : HHH000204: Processing PersistenceUnitInfo [name: default]
2023-07-25 11:27:17.177  INFO SCY-LP-005 - [           main] [o.h.Version                        ] : HHH000412: Hibernate ORM core version 6.2.5.Final
2023-07-25 11:27:17.180  INFO SCY-LP-005 - [           main] [o.h.c.Environment                  ] : HHH000406: Using bytecode reflection optimizer
2023-07-25 11:27:17.323  INFO SCY-LP-005 - [           main] [o.h.b.i.BytecodeProviderInitiator  ] : HHH000021: Bytecode provider name : bytebuddy
2023-07-25 11:27:17.453  INFO SCY-LP-005 - [           main] [o.s.o.j.p.SpringPersistenceUnitInfo] : No LoadTimeWeaver setup: ignoring JPA class transformer
2023-07-25 11:27:17.826  WARN SCY-LP-005 - [           main] [h.b.i.InFlightMetadataCollectorImpl] : HHH000069: Duplicate generator name idGenerator
2023-07-25 11:27:17.834  WARN SCY-LP-005 - [           main] [h.b.i.InFlightMetadataCollectorImpl] : HHH000069: Duplicate generator name idGenerator
2023-07-25 11:27:17.835  WARN SCY-LP-005 - [           main] [h.b.i.InFlightMetadataCollectorImpl] : HHH000069: Duplicate generator name idGenerator
2023-07-25 11:27:17.907  INFO SCY-LP-005 - [           main] [o.h.b.i.BytecodeProviderInitiator  ] : HHH000021: Bytecode provider name : bytebuddy
2023-07-25 11:27:18.743  INFO SCY-LP-005 - [           main] [alContainerEntityManagerFactoryBean] : Initialized JPA EntityManagerFactory for persistence unit 'default'
2023-07-25 11:27:19.097  WARN SCY-LP-005 - [           main] [gServletWebServerApplicationContext] : Exception encountered during context initialization - cancelling refresh attempt: org.springframework.beans.factory.UnsatisfiedDependencyException: Error creating bean with name 'propertyController' defined in file [C:\Users\kevin\Desktop\Java Bootcamp\Technikon Final\target\classes\com\scytalys\technikon\controller\PropertyController.class]: Unsatisfied dependency expressed through constructor parameter 0: No qualifying bean of type 'com.scytalys.technikon.service.PropertyService' available: expected at least 1 bean which qualifies as autowire candidate. Dependency annotations: {}
2023-07-25 11:27:19.098  INFO SCY-LP-005 - [           main] [alContainerEntityManagerFactoryBean] : Closing JPA EntityManagerFactory for persistence unit 'default'
2023-07-25 11:27:19.138  INFO SCY-LP-005 - [           main] [o.a.c.c.StandardService            ] : Stopping service [Tomcat]
2023-07-25 11:27:19.147  INFO SCY-LP-005 - [           main] [a.l.ConditionEvaluationReportLogger] : 

Error starting ApplicationContext. To display the condition evaluation report re-run your application with 'debug' enabled.
2023-07-25 11:27:19.170 ERROR SCY-LP-005 - [           main] [.b.d.LoggingFailureAnalysisReporter] : 

***************************
APPLICATION FAILED TO START
***************************

Description:

Parameter 0 of constructor in com.scytalys.technikon.controller.PropertyController required a bean of type 'com.scytalys.technikon.service.PropertyService' that could not be found.


Action:

Consider defining a bean of type 'com.scytalys.technikon.service.PropertyService' in your configuration.

2023-07-25 11:28:21.802  INFO SCY-LP-005 - [kground-preinit] [o.h.v.i.u.Version                  ] : HV000001: Hibernate Validator 8.0.0.Final
2023-07-25 11:28:21.834  INFO SCY-LP-005 - [           main] [c.s.t.TechnikonApplication         ] : Starting TechnikonApplication using Java 17.0.7 with PID 10516 (C:\Users\kevin\Desktop\Java Bootcamp\Technikon Final\target\classes started by kevin in C:\Users\kevin\Desktop\Java Bootcamp\Technikon Final)
2023-07-25 11:28:21.837 DEBUG SCY-LP-005 - [           main] [c.s.t.TechnikonApplication         ] : Running with Spring Boot v3.1.1, Spring v6.0.10
2023-07-25 11:28:21.838  INFO SCY-LP-005 - [           main] [c.s.t.TechnikonApplication         ] : No active profile set, falling back to 1 default profile: "default"
2023-07-25 11:28:22.700  INFO SCY-LP-005 - [           main] [o.s.b.w.e.t.TomcatWebServer        ] : Tomcat initialized with port(s): 8080 (http)
2023-07-25 11:28:22.707  INFO SCY-LP-005 - [           main] [o.a.c.h.Http11NioProtocol          ] : Initializing ProtocolHandler ["http-nio-8080"]
2023-07-25 11:28:22.709  INFO SCY-LP-005 - [           main] [o.a.c.c.StandardService            ] : Starting service [Tomcat]
2023-07-25 11:28:22.709  INFO SCY-LP-005 - [           main] [o.a.c.c.StandardEngine             ] : Starting Servlet engine: [Apache Tomcat/10.1.10]
2023-07-25 11:28:22.783  INFO SCY-LP-005 - [           main] [o.a.c.c.C.[.[.[/]                  ] : Initializing Spring embedded WebApplicationContext
2023-07-25 11:28:22.783  INFO SCY-LP-005 - [           main] [.ServletWebServerApplicationContext] : Root WebApplicationContext: initialization completed in 916 ms
2023-07-25 11:28:22.898  INFO SCY-LP-005 - [           main] [o.h.j.i.u.LogHelper                ] : HHH000204: Processing PersistenceUnitInfo [name: default]
2023-07-25 11:28:22.942  INFO SCY-LP-005 - [           main] [o.h.Version                        ] : HHH000412: Hibernate ORM core version 6.2.5.Final
2023-07-25 11:28:22.944  INFO SCY-LP-005 - [           main] [o.h.c.Environment                  ] : HHH000406: Using bytecode reflection optimizer
2023-07-25 11:28:23.052  INFO SCY-LP-005 - [           main] [o.h.b.i.BytecodeProviderInitiator  ] : HHH000021: Bytecode provider name : bytebuddy
2023-07-25 11:28:23.156  INFO SCY-LP-005 - [           main] [o.s.o.j.p.SpringPersistenceUnitInfo] : No LoadTimeWeaver setup: ignoring JPA class transformer
2023-07-25 11:28:23.480  WARN SCY-LP-005 - [           main] [h.b.i.InFlightMetadataCollectorImpl] : HHH000069: Duplicate generator name idGenerator
2023-07-25 11:28:23.486  WARN SCY-LP-005 - [           main] [h.b.i.InFlightMetadataCollectorImpl] : HHH000069: Duplicate generator name idGenerator
2023-07-25 11:28:23.487  WARN SCY-LP-005 - [           main] [h.b.i.InFlightMetadataCollectorImpl] : HHH000069: Duplicate generator name idGenerator
2023-07-25 11:28:23.545  INFO SCY-LP-005 - [           main] [o.h.b.i.BytecodeProviderInitiator  ] : HHH000021: Bytecode provider name : bytebuddy
2023-07-25 11:28:24.241  INFO SCY-LP-005 - [           main] [alContainerEntityManagerFactoryBean] : Initialized JPA EntityManagerFactory for persistence unit 'default'
2023-07-25 11:28:24.490  WARN SCY-LP-005 - [           main] [gServletWebServerApplicationContext] : Exception encountered during context initialization - cancelling refresh attempt: org.springframework.beans.factory.UnsatisfiedDependencyException: Error creating bean with name 'propertyController' defined in file [C:\Users\kevin\Desktop\Java Bootcamp\Technikon Final\target\classes\com\scytalys\technikon\controller\PropertyController.class]: Unsatisfied dependency expressed through constructor parameter 0: No qualifying bean of type 'com.scytalys.technikon.service.PropertyService' available: expected at least 1 bean which qualifies as autowire candidate. Dependency annotations: {}
2023-07-25 11:28:24.490  INFO SCY-LP-005 - [           main] [alContainerEntityManagerFactoryBean] : Closing JPA EntityManagerFactory for persistence unit 'default'
2023-07-25 11:28:24.525  INFO SCY-LP-005 - [           main] [o.a.c.c.StandardService            ] : Stopping service [Tomcat]
2023-07-25 11:28:24.533  INFO SCY-LP-005 - [           main] [a.l.ConditionEvaluationReportLogger] : 

Error starting ApplicationContext. To display the condition evaluation report re-run your application with 'debug' enabled.
2023-07-25 11:28:24.550 ERROR SCY-LP-005 - [           main] [.b.d.LoggingFailureAnalysisReporter] : 

***************************
APPLICATION FAILED TO START
***************************

Description:

Parameter 0 of constructor in com.scytalys.technikon.controller.PropertyController required a bean of type 'com.scytalys.technikon.service.PropertyService' that could not be found.


Action:

Consider defining a bean of type 'com.scytalys.technikon.service.PropertyService' in your configuration.

2023-07-25 11:29:01.697  INFO SCY-LP-005 - [kground-preinit] [o.h.v.i.u.Version                  ] : HV000001: Hibernate Validator 8.0.0.Final
2023-07-25 11:29:01.729  INFO SCY-LP-005 - [           main] [c.s.t.TechnikonApplication         ] : Starting TechnikonApplication using Java 17.0.7 with PID 12460 (C:\Users\kevin\Desktop\Java Bootcamp\Technikon Final\target\classes started by kevin in C:\Users\kevin\Desktop\Java Bootcamp\Technikon Final)
2023-07-25 11:29:01.733 DEBUG SCY-LP-005 - [           main] [c.s.t.TechnikonApplication         ] : Running with Spring Boot v3.1.1, Spring v6.0.10
2023-07-25 11:29:01.734  INFO SCY-LP-005 - [           main] [c.s.t.TechnikonApplication         ] : No active profile set, falling back to 1 default profile: "default"
2023-07-25 11:29:02.577  INFO SCY-LP-005 - [           main] [o.s.b.w.e.t.TomcatWebServer        ] : Tomcat initialized with port(s): 8080 (http)
2023-07-25 11:29:02.583  INFO SCY-LP-005 - [           main] [o.a.c.h.Http11NioProtocol          ] : Initializing ProtocolHandler ["http-nio-8080"]
2023-07-25 11:29:02.584  INFO SCY-LP-005 - [           main] [o.a.c.c.StandardService            ] : Starting service [Tomcat]
2023-07-25 11:29:02.585  INFO SCY-LP-005 - [           main] [o.a.c.c.StandardEngine             ] : Starting Servlet engine: [Apache Tomcat/10.1.10]
2023-07-25 11:29:02.655  INFO SCY-LP-005 - [           main] [o.a.c.c.C.[.[.[/]                  ] : Initializing Spring embedded WebApplicationContext
2023-07-25 11:29:02.655  INFO SCY-LP-005 - [           main] [.ServletWebServerApplicationContext] : Root WebApplicationContext: initialization completed in 890 ms
2023-07-25 11:29:02.770  INFO SCY-LP-005 - [           main] [o.h.j.i.u.LogHelper                ] : HHH000204: Processing PersistenceUnitInfo [name: default]
2023-07-25 11:29:02.826  INFO SCY-LP-005 - [           main] [o.h.Version                        ] : HHH000412: Hibernate ORM core version 6.2.5.Final
2023-07-25 11:29:02.828  INFO SCY-LP-005 - [           main] [o.h.c.Environment                  ] : HHH000406: Using bytecode reflection optimizer
2023-07-25 11:29:02.944  INFO SCY-LP-005 - [           main] [o.h.b.i.BytecodeProviderInitiator  ] : HHH000021: Bytecode provider name : bytebuddy
2023-07-25 11:29:03.051  INFO SCY-LP-005 - [           main] [o.s.o.j.p.SpringPersistenceUnitInfo] : No LoadTimeWeaver setup: ignoring JPA class transformer
2023-07-25 11:29:03.331  WARN SCY-LP-005 - [           main] [h.b.i.InFlightMetadataCollectorImpl] : HHH000069: Duplicate generator name idGenerator
2023-07-25 11:29:03.337  WARN SCY-LP-005 - [           main] [h.b.i.InFlightMetadataCollectorImpl] : HHH000069: Duplicate generator name idGenerator
2023-07-25 11:29:03.338  WARN SCY-LP-005 - [           main] [h.b.i.InFlightMetadataCollectorImpl] : HHH000069: Duplicate generator name idGenerator
2023-07-25 11:29:03.391  INFO SCY-LP-005 - [           main] [o.h.b.i.BytecodeProviderInitiator  ] : HHH000021: Bytecode provider name : bytebuddy
2023-07-25 11:29:04.062  INFO SCY-LP-005 - [           main] [alContainerEntityManagerFactoryBean] : Initialized JPA EntityManagerFactory for persistence unit 'default'
2023-07-25 11:29:04.333  WARN SCY-LP-005 - [           main] [gServletWebServerApplicationContext] : Exception encountered during context initialization - cancelling refresh attempt: org.springframework.beans.factory.UnsatisfiedDependencyException: Error creating bean with name 'propertyController' defined in file [C:\Users\kevin\Desktop\Java Bootcamp\Technikon Final\target\classes\com\scytalys\technikon\controller\PropertyController.class]: Unsatisfied dependency expressed through constructor parameter 0: No qualifying bean of type 'com.scytalys.technikon.service.PropertyService' available: expected at least 1 bean which qualifies as autowire candidate. Dependency annotations: {}
2023-07-25 11:29:04.334  INFO SCY-LP-005 - [           main] [alContainerEntityManagerFactoryBean] : Closing JPA EntityManagerFactory for persistence unit 'default'
2023-07-25 11:29:04.369  INFO SCY-LP-005 - [           main] [o.a.c.c.StandardService            ] : Stopping service [Tomcat]
2023-07-25 11:29:04.381  INFO SCY-LP-005 - [           main] [a.l.ConditionEvaluationReportLogger] : 

Error starting ApplicationContext. To display the condition evaluation report re-run your application with 'debug' enabled.
2023-07-25 11:29:04.400 ERROR SCY-LP-005 - [           main] [.b.d.LoggingFailureAnalysisReporter] : 

***************************
APPLICATION FAILED TO START
***************************

Description:

Parameter 0 of constructor in com.scytalys.technikon.controller.PropertyController required a bean of type 'com.scytalys.technikon.service.PropertyService' that could not be found.


Action:

Consider defining a bean of type 'com.scytalys.technikon.service.PropertyService' in your configuration.

2023-07-25 11:29:26.164  INFO SCY-LP-005 - [kground-preinit] [o.h.v.i.u.Version                  ] : HV000001: Hibernate Validator 8.0.0.Final
2023-07-25 11:29:26.194  INFO SCY-LP-005 - [           main] [c.s.t.TechnikonApplication         ] : Starting TechnikonApplication using Java 17.0.7 with PID 32340 (C:\Users\kevin\Desktop\Java Bootcamp\Technikon Final\target\classes started by kevin in C:\Users\kevin\Desktop\Java Bootcamp\Technikon Final)
2023-07-25 11:29:26.197 DEBUG SCY-LP-005 - [           main] [c.s.t.TechnikonApplication         ] : Running with Spring Boot v3.1.1, Spring v6.0.10
2023-07-25 11:29:26.198  INFO SCY-LP-005 - [           main] [c.s.t.TechnikonApplication         ] : No active profile set, falling back to 1 default profile: "default"
2023-07-25 11:29:27.049  INFO SCY-LP-005 - [           main] [o.s.b.w.e.t.TomcatWebServer        ] : Tomcat initialized with port(s): 8080 (http)
2023-07-25 11:29:27.055  INFO SCY-LP-005 - [           main] [o.a.c.h.Http11NioProtocol          ] : Initializing ProtocolHandler ["http-nio-8080"]
2023-07-25 11:29:27.056  INFO SCY-LP-005 - [           main] [o.a.c.c.StandardService            ] : Starting service [Tomcat]
2023-07-25 11:29:27.057  INFO SCY-LP-005 - [           main] [o.a.c.c.StandardEngine             ] : Starting Servlet engine: [Apache Tomcat/10.1.10]
2023-07-25 11:29:27.127  INFO SCY-LP-005 - [           main] [o.a.c.c.C.[.[.[/]                  ] : Initializing Spring embedded WebApplicationContext
2023-07-25 11:29:27.127  INFO SCY-LP-005 - [           main] [.ServletWebServerApplicationContext] : Root WebApplicationContext: initialization completed in 894 ms
2023-07-25 11:29:27.244  INFO SCY-LP-005 - [           main] [o.h.j.i.u.LogHelper                ] : HHH000204: Processing PersistenceUnitInfo [name: default]
2023-07-25 11:29:27.298  INFO SCY-LP-005 - [           main] [o.h.Version                        ] : HHH000412: Hibernate ORM core version 6.2.5.Final
2023-07-25 11:29:27.299  INFO SCY-LP-005 - [           main] [o.h.c.Environment                  ] : HHH000406: Using bytecode reflection optimizer
2023-07-25 11:29:27.400  INFO SCY-LP-005 - [           main] [o.h.b.i.BytecodeProviderInitiator  ] : HHH000021: Bytecode provider name : bytebuddy
2023-07-25 11:29:27.504  INFO SCY-LP-005 - [           main] [o.s.o.j.p.SpringPersistenceUnitInfo] : No LoadTimeWeaver setup: ignoring JPA class transformer
2023-07-25 11:29:27.777  WARN SCY-LP-005 - [           main] [h.b.i.InFlightMetadataCollectorImpl] : HHH000069: Duplicate generator name idGenerator
2023-07-25 11:29:27.782  WARN SCY-LP-005 - [           main] [h.b.i.InFlightMetadataCollectorImpl] : HHH000069: Duplicate generator name idGenerator
2023-07-25 11:29:27.784  WARN SCY-LP-005 - [           main] [h.b.i.InFlightMetadataCollectorImpl] : HHH000069: Duplicate generator name idGenerator
2023-07-25 11:29:27.838  INFO SCY-LP-005 - [           main] [o.h.b.i.BytecodeProviderInitiator  ] : HHH000021: Bytecode provider name : bytebuddy
2023-07-25 11:29:28.492  INFO SCY-LP-005 - [           main] [alContainerEntityManagerFactoryBean] : Initialized JPA EntityManagerFactory for persistence unit 'default'
2023-07-25 11:29:28.753  WARN SCY-LP-005 - [           main] [gServletWebServerApplicationContext] : Exception encountered during context initialization - cancelling refresh attempt: org.springframework.beans.factory.UnsatisfiedDependencyException: Error creating bean with name 'propertyController' defined in file [C:\Users\kevin\Desktop\Java Bootcamp\Technikon Final\target\classes\com\scytalys\technikon\controller\PropertyController.class]: Unsatisfied dependency expressed through constructor parameter 0: No qualifying bean of type 'com.scytalys.technikon.service.PropertyService' available: expected at least 1 bean which qualifies as autowire candidate. Dependency annotations: {}
2023-07-25 11:29:28.753  INFO SCY-LP-005 - [           main] [alContainerEntityManagerFactoryBean] : Closing JPA EntityManagerFactory for persistence unit 'default'
2023-07-25 11:29:28.788  INFO SCY-LP-005 - [           main] [o.a.c.c.StandardService            ] : Stopping service [Tomcat]
2023-07-25 11:29:28.797  INFO SCY-LP-005 - [           main] [a.l.ConditionEvaluationReportLogger] : 

Error starting ApplicationContext. To display the condition evaluation report re-run your application with 'debug' enabled.
2023-07-25 11:29:28.813 ERROR SCY-LP-005 - [           main] [.b.d.LoggingFailureAnalysisReporter] : 

***************************
APPLICATION FAILED TO START
***************************

Description:

Parameter 0 of constructor in com.scytalys.technikon.controller.PropertyController required a bean of type 'com.scytalys.technikon.service.PropertyService' that could not be found.


Action:

Consider defining a bean of type 'com.scytalys.technikon.service.PropertyService' in your configuration.

